<?xml version="1.0" encoding="utf-8"?><testsuites><testsuite errors="0" failures="0" hostname="LAPTOP-67E2QIOL" name="pytest" skipped="0" tests="16" time="0.051" timestamp="2022-03-29T17:00:07.658059"><testcase classname="test_divisible" file="test_divisible.py" line="9" name="test_checkDivisibleby5[5-True]" time="0.001"></testcase><testcase classname="test_divisible" file="test_divisible.py" line="9" name="test_checkDivisibleby5[2-False]" time="0.001"></testcase><testcase classname="test_divisible" file="test_divisible.py" line="9" name="test_checkDivisibleby5[10-True]" time="0.000"></testcase><testcase classname="test_divisible" file="test_divisible.py" line="9" name="test_checkDivisibleby5[7-False]" time="0.002"></testcase><testcase classname="test_divisible" file="test_divisible.py" line="21" name="test_checkDivisibleby7[7-True]" time="0.000"></testcase><testcase classname="test_divisible" file="test_divisible.py" line="21" name="test_checkDivisibleby7[2-False]" time="0.002"></testcase><testcase classname="test_divisible" file="test_divisible.py" line="21" name="test_checkDivisibleby7[14-True]" time="0.001"></testcase><testcase classname="test_divisible" file="test_divisible.py" line="21" name="test_checkDivisibleby7[33-False]" time="0.000"></testcase><testcase classname="test_divisible" file="test_divisible.py" line="32" name="test_checkDivisibleby9[9-True]" time="0.000"></testcase><testcase classname="test_divisible" file="test_divisible.py" line="32" name="test_checkDivisibleby9[2-False]" time="0.002"></testcase><testcase classname="test_divisible" file="test_divisible.py" line="32" name="test_checkDivisibleby9[18-True]" time="0.000"></testcase><testcase classname="test_divisible" file="test_divisible.py" line="32" name="test_checkDivisibleby9[33-False]" time="0.002"></testcase><testcase classname="test_divisible" file="test_divisible.py" line="43" name="test_checkDivisibleby11[11-True]" time="0.000"></testcase><testcase classname="test_divisible" file="test_divisible.py" line="43" name="test_checkDivisibleby11[2-False]" time="0.001"></testcase><testcase classname="test_divisible" file="test_divisible.py" line="43" name="test_checkDivisibleby11[22-True]" time="0.000"></testcase><testcase classname="test_divisible" file="test_divisible.py" line="43" name="test_checkDivisibleby11[34-False]" time="0.002"></testcase></testsuite></testsuites>